2015-10-19 15:28:39,576  WARN [ModalContext] - ScalaProject - Project HelloWorld has platform default sourceLevel.
2015-10-19 15:28:39,596  WARN [ModalContext] - ScalaProject - Project HelloWorld runs on platform default installation.
2015-10-19 15:28:40,623  WARN [Worker-5] - ScalaProject - Project HelloWorld has platform default sourceLevel.
2015-10-19 15:28:40,646  WARN [Worker-5] - ScalaProject - Project HelloWorld runs on platform default installation.
2015-10-19 15:28:52,279  WARN [main] - ScalaProject - Project HelloWorld has platform default sourceLevel.
2015-10-19 15:28:52,280  WARN [main] - ScalaProject - Project HelloWorld runs on platform default installation.
2015-10-19 15:29:08,239  WARN [Worker-5] - ScalaProject - Project HelloWorld has platform default sourceLevel.
2015-10-19 15:29:08,240  WARN [Worker-5] - ScalaProject - Project HelloWorld runs on platform default installation.
2015-10-19 15:29:08,284  WARN [Worker-5] - ScalaProject - Project HelloWorld has platform default sourceLevel.
2015-10-19 15:29:08,284  WARN [Worker-5] - ScalaProject - Project HelloWorld runs on platform default installation.
2015-10-19 15:29:08,684  WARN [main] - ScalaProject - Project HelloWorld has platform default sourceLevel.
2015-10-19 15:29:08,685  WARN [main] - ScalaProject - Project HelloWorld runs on platform default installation.
2015-10-19 15:29:09,849  WARN [Worker-6] - ScalaProject - Project HelloWorld has platform default sourceLevel.
2015-10-19 15:29:09,849  WARN [Worker-6] - ScalaProject - Project HelloWorld runs on platform default installation.
2015-10-19 15:29:09,894  WARN [Worker-6] - ScalaProject - Project HelloWorld has platform default sourceLevel.
2015-10-19 15:29:09,895  WARN [Worker-6] - ScalaProject - Project HelloWorld runs on platform default installation.
2015-10-19 15:29:15,284  WARN [Worker-6] - ScalaProject - Project HelloWorld has platform default sourceLevel.
2015-10-19 15:29:15,285  WARN [Worker-6] - ScalaProject - Project HelloWorld runs on platform default installation.
2015-10-19 15:29:15,777 ERROR [main] - org.scala-ide.sdt.core - org.scala-ide.sdt.core - org.scala-ide.sdt.core - 0 - An error occurred while trying to create a file.
org.eclipse.core.internal.resources.ResourceException: Resource '/HelloWorld/src/HelloWorld.scala' already exists.
	at org.eclipse.core.internal.resources.Resource.checkDoesNotExist(Resource.java:320)
	at org.eclipse.core.internal.resources.Resource.checkDoesNotExist(Resource.java:307)
	at org.eclipse.core.internal.resources.File.create(File.java:112)
	at org.eclipse.core.internal.resources.File.create(File.java:188)
	at org.scalaide.util.eclipse.FileUtils$$anonfun$createFile$1.apply$mcV$sp(FileUtils.scala:98)
	at org.scalaide.util.eclipse.FileUtils$$anonfun$createFile$1.apply(FileUtils.scala:89)
	at org.scalaide.util.eclipse.FileUtils$$anonfun$createFile$1.apply(FileUtils.scala:89)
	at scala.util.Try$.apply(Try.scala:192)
	at org.scalaide.util.eclipse.FileUtils$.createFile(FileUtils.scala:89)
	at org.scalaide.ui.internal.wizards.NewFileWizard$$anonfun$okPressed$1.apply(NewFileWizard.scala:284)
	at org.scalaide.ui.internal.wizards.NewFileWizard$$anonfun$okPressed$1.apply(NewFileWizard.scala:283)
	at scala.Option.foreach(Option.scala:257)
	at org.scalaide.ui.internal.wizards.NewFileWizard$class.okPressed(NewFileWizard.scala:283)
	at org.scalaide.ui.internal.wizards.NewFileWizardAdapter$$anon$1.okPressed(NewFileWizardAdapter.scala:28)
	at org.scalaide.ui.internal.wizards.NewFileWizardAdapter.performFinish(NewFileWizardAdapter.scala:55)
	at org.eclipse.jface.wizard.WizardDialog.finishPressed(WizardDialog.java:853)
	at org.eclipse.jface.wizard.WizardDialog.buttonPressed(WizardDialog.java:438)
	at org.eclipse.jface.dialogs.Dialog$2.widgetSelected(Dialog.java:619)
	at org.eclipse.swt.widgets.TypedListener.handleEvent(TypedListener.java:248)
	at org.eclipse.swt.widgets.EventTable.sendEvent(EventTable.java:84)
	at org.eclipse.swt.widgets.Display.sendEvent(Display.java:4454)
	at org.eclipse.swt.widgets.Widget.sendEvent(Widget.java:1388)
	at org.eclipse.swt.widgets.Display.runDeferredEvents(Display.java:3799)
	at org.eclipse.swt.widgets.Display.readAndDispatch(Display.java:3409)
	at org.eclipse.ui.internal.dialogs.EventLoopProgressMonitor.runEventLoop(EventLoopProgressMonitor.java:128)
	at org.eclipse.ui.internal.dialogs.EventLoopProgressMonitor.isCanceled(EventLoopProgressMonitor.java:102)
	at org.eclipse.core.internal.jobs.ThreadJob.isCanceled(ThreadJob.java:144)
	at org.eclipse.core.internal.jobs.ThreadJob.waitForRun(ThreadJob.java:233)
	at org.eclipse.core.internal.jobs.ThreadJob.joinRun(ThreadJob.java:197)
	at org.eclipse.core.internal.jobs.ImplicitJobs.begin(ImplicitJobs.java:92)
	at org.eclipse.core.internal.jobs.JobManager.beginRule(JobManager.java:290)
	at org.eclipse.core.internal.resources.WorkManager.checkIn(WorkManager.java:118)
	at org.eclipse.core.internal.resources.Workspace.prepareOperation(Workspace.java:2251)
	at org.eclipse.core.internal.resources.File.create(File.java:111)
	at org.eclipse.core.internal.resources.File.create(File.java:188)
	at org.scalaide.util.eclipse.FileUtils$$anonfun$createFile$1.apply$mcV$sp(FileUtils.scala:98)
	at org.scalaide.util.eclipse.FileUtils$$anonfun$createFile$1.apply(FileUtils.scala:89)
	at org.scalaide.util.eclipse.FileUtils$$anonfun$createFile$1.apply(FileUtils.scala:89)
	at scala.util.Try$.apply(Try.scala:192)
	at org.scalaide.util.eclipse.FileUtils$.createFile(FileUtils.scala:89)
	at org.scalaide.ui.internal.wizards.NewFileWizard$$anonfun$okPressed$1.apply(NewFileWizard.scala:284)
	at org.scalaide.ui.internal.wizards.NewFileWizard$$anonfun$okPressed$1.apply(NewFileWizard.scala:283)
	at scala.Option.foreach(Option.scala:257)
	at org.scalaide.ui.internal.wizards.NewFileWizard$class.okPressed(NewFileWizard.scala:283)
	at org.scalaide.ui.internal.wizards.NewFileWizardAdapter$$anon$1.okPressed(NewFileWizardAdapter.scala:28)
	at org.scalaide.ui.internal.wizards.NewFileWizardAdapter.performFinish(NewFileWizardAdapter.scala:55)
	at org.eclipse.jface.wizard.WizardDialog.finishPressed(WizardDialog.java:853)
	at org.eclipse.jface.wizard.WizardDialog.buttonPressed(WizardDialog.java:438)
	at org.eclipse.jface.dialogs.Dialog$2.widgetSelected(Dialog.java:619)
	at org.eclipse.swt.widgets.TypedListener.handleEvent(TypedListener.java:248)
	at org.eclipse.swt.widgets.EventTable.sendEvent(EventTable.java:84)
	at org.eclipse.swt.widgets.Display.sendEvent(Display.java:4454)
	at org.eclipse.swt.widgets.Widget.sendEvent(Widget.java:1388)
	at org.eclipse.swt.widgets.Display.runDeferredEvents(Display.java:3799)
	at org.eclipse.swt.widgets.Display.readAndDispatch(Display.java:3409)
	at org.eclipse.jface.window.Window.runEventLoop(Window.java:832)
	at org.eclipse.jface.window.Window.open(Window.java:808)
	at org.eclipse.ui.internal.actions.NewWizardShortcutAction.run(NewWizardShortcutAction.java:136)
	at org.eclipse.jface.action.Action.runWithEvent(Action.java:519)
	at org.eclipse.jface.action.ActionContributionItem.handleWidgetSelection(ActionContributionItem.java:595)
	at org.eclipse.jface.action.ActionContributionItem.access$2(ActionContributionItem.java:511)
	at org.eclipse.jface.action.ActionContributionItem$5.handleEvent(ActionContributionItem.java:420)
	at org.eclipse.swt.widgets.EventTable.sendEvent(EventTable.java:84)
	at org.eclipse.swt.widgets.Display.sendEvent(Display.java:4454)
	at org.eclipse.swt.widgets.Widget.sendEvent(Widget.java:1388)
	at org.eclipse.swt.widgets.Display.runDeferredEvents(Display.java:3799)
	at org.eclipse.swt.widgets.Display.readAndDispatch(Display.java:3409)
	at org.eclipse.e4.ui.internal.workbench.swt.PartRenderingEngine$9.run(PartRenderingEngine.java:1151)
	at org.eclipse.core.databinding.observable.Realm.runWithDefault(Realm.java:332)
	at org.eclipse.e4.ui.internal.workbench.swt.PartRenderingEngine.run(PartRenderingEngine.java:1032)
	at org.eclipse.e4.ui.internal.workbench.E4Workbench.createAndRunUI(E4Workbench.java:148)
	at org.eclipse.ui.internal.Workbench$5.run(Workbench.java:636)
	at org.eclipse.core.databinding.observable.Realm.runWithDefault(Realm.java:332)
	at org.eclipse.ui.internal.Workbench.createAndRunWorkbench(Workbench.java:579)
	at org.eclipse.ui.PlatformUI.createAndRunWorkbench(PlatformUI.java:150)
	at org.eclipse.ui.internal.ide.application.IDEApplication.start(IDEApplication.java:135)
	at org.eclipse.equinox.internal.app.EclipseAppHandle.run(EclipseAppHandle.java:196)
	at org.eclipse.core.runtime.internal.adaptor.EclipseAppLauncher.runApplication(EclipseAppLauncher.java:134)
	at org.eclipse.core.runtime.internal.adaptor.EclipseAppLauncher.start(EclipseAppLauncher.java:104)
	at org.eclipse.core.runtime.adaptor.EclipseStarter.run(EclipseStarter.java:380)
	at org.eclipse.core.runtime.adaptor.EclipseStarter.run(EclipseStarter.java:235)
	at sun.reflect.NativeMethodAccessorImpl.invoke0(Native Method)
	at sun.reflect.NativeMethodAccessorImpl.invoke(NativeMethodAccessorImpl.java:62)
	at sun.reflect.DelegatingMethodAccessorImpl.invoke(DelegatingMethodAccessorImpl.java:43)
	at java.lang.reflect.Method.invoke(Method.java:497)
	at org.eclipse.equinox.launcher.Main.invokeFramework(Main.java:648)
	at org.eclipse.equinox.launcher.Main.basicRun(Main.java:603)
	at org.eclipse.equinox.launcher.Main.run(Main.java:1465)
	at org.eclipse.equinox.launcher.Main.main(Main.java:1438)
2015-10-19 15:29:15,786 ERROR [main] - org.scala-ide.sdt.core - org.scala-ide.sdt.core - org.scala-ide.sdt.core - 0 - An error occurred while trying to create a file.
org.eclipse.core.internal.resources.ResourceException: Resource '/HelloWorld/src/HelloWorld.scala' already exists.
	at org.eclipse.core.internal.resources.Resource.checkDoesNotExist(Resource.java:320)
	at org.eclipse.core.internal.resources.Resource.checkDoesNotExist(Resource.java:307)
	at org.eclipse.core.internal.resources.File.create(File.java:112)
	at org.eclipse.core.internal.resources.File.create(File.java:188)
	at org.scalaide.util.eclipse.FileUtils$$anonfun$createFile$1.apply$mcV$sp(FileUtils.scala:98)
	at org.scalaide.util.eclipse.FileUtils$$anonfun$createFile$1.apply(FileUtils.scala:89)
	at org.scalaide.util.eclipse.FileUtils$$anonfun$createFile$1.apply(FileUtils.scala:89)
	at scala.util.Try$.apply(Try.scala:192)
	at org.scalaide.util.eclipse.FileUtils$.createFile(FileUtils.scala:89)
	at org.scalaide.ui.internal.wizards.NewFileWizard$$anonfun$okPressed$1.apply(NewFileWizard.scala:284)
	at org.scalaide.ui.internal.wizards.NewFileWizard$$anonfun$okPressed$1.apply(NewFileWizard.scala:283)
	at scala.Option.foreach(Option.scala:257)
	at org.scalaide.ui.internal.wizards.NewFileWizard$class.okPressed(NewFileWizard.scala:283)
	at org.scalaide.ui.internal.wizards.NewFileWizardAdapter$$anon$1.okPressed(NewFileWizardAdapter.scala:28)
	at org.scalaide.ui.internal.wizards.NewFileWizardAdapter.performFinish(NewFileWizardAdapter.scala:55)
	at org.eclipse.jface.wizard.WizardDialog.finishPressed(WizardDialog.java:853)
	at org.eclipse.jface.wizard.WizardDialog.buttonPressed(WizardDialog.java:438)
	at org.eclipse.jface.dialogs.Dialog$2.widgetSelected(Dialog.java:619)
	at org.eclipse.swt.widgets.TypedListener.handleEvent(TypedListener.java:248)
	at org.eclipse.swt.widgets.EventTable.sendEvent(EventTable.java:84)
	at org.eclipse.swt.widgets.Display.sendEvent(Display.java:4454)
	at org.eclipse.swt.widgets.Widget.sendEvent(Widget.java:1388)
	at org.eclipse.swt.widgets.Display.runDeferredEvents(Display.java:3799)
	at org.eclipse.swt.widgets.Display.readAndDispatch(Display.java:3409)
	at org.eclipse.jface.window.Window.runEventLoop(Window.java:832)
	at org.eclipse.jface.window.Window.open(Window.java:808)
	at org.eclipse.ui.internal.actions.NewWizardShortcutAction.run(NewWizardShortcutAction.java:136)
	at org.eclipse.jface.action.Action.runWithEvent(Action.java:519)
	at org.eclipse.jface.action.ActionContributionItem.handleWidgetSelection(ActionContributionItem.java:595)
	at org.eclipse.jface.action.ActionContributionItem.access$2(ActionContributionItem.java:511)
	at org.eclipse.jface.action.ActionContributionItem$5.handleEvent(ActionContributionItem.java:420)
	at org.eclipse.swt.widgets.EventTable.sendEvent(EventTable.java:84)
	at org.eclipse.swt.widgets.Display.sendEvent(Display.java:4454)
	at org.eclipse.swt.widgets.Widget.sendEvent(Widget.java:1388)
	at org.eclipse.swt.widgets.Display.runDeferredEvents(Display.java:3799)
	at org.eclipse.swt.widgets.Display.readAndDispatch(Display.java:3409)
	at org.eclipse.e4.ui.internal.workbench.swt.PartRenderingEngine$9.run(PartRenderingEngine.java:1151)
	at org.eclipse.core.databinding.observable.Realm.runWithDefault(Realm.java:332)
	at org.eclipse.e4.ui.internal.workbench.swt.PartRenderingEngine.run(PartRenderingEngine.java:1032)
	at org.eclipse.e4.ui.internal.workbench.E4Workbench.createAndRunUI(E4Workbench.java:148)
	at org.eclipse.ui.internal.Workbench$5.run(Workbench.java:636)
	at org.eclipse.core.databinding.observable.Realm.runWithDefault(Realm.java:332)
	at org.eclipse.ui.internal.Workbench.createAndRunWorkbench(Workbench.java:579)
	at org.eclipse.ui.PlatformUI.createAndRunWorkbench(PlatformUI.java:150)
	at org.eclipse.ui.internal.ide.application.IDEApplication.start(IDEApplication.java:135)
	at org.eclipse.equinox.internal.app.EclipseAppHandle.run(EclipseAppHandle.java:196)
	at org.eclipse.core.runtime.internal.adaptor.EclipseAppLauncher.runApplication(EclipseAppLauncher.java:134)
	at org.eclipse.core.runtime.internal.adaptor.EclipseAppLauncher.start(EclipseAppLauncher.java:104)
	at org.eclipse.core.runtime.adaptor.EclipseStarter.run(EclipseStarter.java:380)
	at org.eclipse.core.runtime.adaptor.EclipseStarter.run(EclipseStarter.java:235)
	at sun.reflect.NativeMethodAccessorImpl.invoke0(Native Method)
	at sun.reflect.NativeMethodAccessorImpl.invoke(NativeMethodAccessorImpl.java:62)
	at sun.reflect.DelegatingMethodAccessorImpl.invoke(DelegatingMethodAccessorImpl.java:43)
	at java.lang.reflect.Method.invoke(Method.java:497)
	at org.eclipse.equinox.launcher.Main.invokeFramework(Main.java:648)
	at org.eclipse.equinox.launcher.Main.basicRun(Main.java:603)
	at org.eclipse.equinox.launcher.Main.run(Main.java:1465)
	at org.eclipse.equinox.launcher.Main.main(Main.java:1438)
2015-10-19 15:30:30,268  WARN [Worker-0] - ScalaProject - Project HelloWorld has platform default sourceLevel.
2015-10-19 15:30:30,271  WARN [Worker-0] - ScalaProject - Project HelloWorld runs on platform default installation.
2015-10-19 15:30:30,310  WARN [Worker-0] - ScalaProject - Project HelloWorld has platform default sourceLevel.
2015-10-19 15:30:30,310  WARN [Worker-0] - ScalaProject - Project HelloWorld runs on platform default installation.
2015-10-19 15:30:33,560  WARN [Worker-0] - ScalaProject - Project HelloWorld has platform default sourceLevel.
2015-10-19 15:30:33,560  WARN [Worker-0] - ScalaProject - Project HelloWorld runs on platform default installation.
2015-10-19 15:30:53,068 ERROR [Worker-0] - System.err - SLF4J: Failed to load class "org.slf4j.impl.StaticLoggerBinder".
2015-10-19 15:30:53,069 ERROR [Worker-0] - System.err - SLF4J: Defaulting to no-operation (NOP) logger implementation
2015-10-19 15:30:53,069 ERROR [Worker-0] - System.err - SLF4J: See http://www.slf4j.org/codes.html#StaticLoggerBinder for further details.
2015-10-19 15:31:46,209  WARN [main] - ScalaProject - Project HelloWorld has platform default sourceLevel.
2015-10-19 15:31:46,210  WARN [main] - ScalaProject - Project HelloWorld runs on platform default installation.
2015-10-19 15:31:46,546  WARN [Worker-6] - ScalaProject - Project HelloWorld has platform default sourceLevel.
2015-10-19 15:31:46,546  WARN [Worker-6] - ScalaProject - Project HelloWorld runs on platform default installation.
2015-10-19 15:31:46,595  WARN [Worker-6] - ScalaProject - Project HelloWorld has platform default sourceLevel.
2015-10-19 15:31:46,596  WARN [Worker-6] - ScalaProject - Project HelloWorld runs on platform default installation.
2015-10-19 15:31:50,622  WARN [Worker-6] - ScalaProject - Project HelloWorld has platform default sourceLevel.
2015-10-19 15:31:50,623  WARN [Worker-6] - ScalaProject - Project HelloWorld runs on platform default installation.
2015-10-19 15:33:55,402  WARN [Worker-0] - ScalaProject - Project HelloWorld has platform default sourceLevel.
2015-10-19 15:33:55,403  WARN [Worker-0] - ScalaProject - Project HelloWorld runs on platform default installation.
2015-10-19 15:33:55,430  WARN [Worker-0] - ScalaProject - Project HelloWorld has platform default sourceLevel.
2015-10-19 15:33:55,430  WARN [Worker-0] - ScalaProject - Project HelloWorld runs on platform default installation.
2015-10-19 15:33:58,867  WARN [Worker-0] - ScalaProject - Project HelloWorld has platform default sourceLevel.
2015-10-19 15:33:58,868  WARN [Worker-0] - ScalaProject - Project HelloWorld runs on platform default installation.
2015-10-19 15:34:26,429  WARN [Worker-2] - ScalaProject - Project HelloWorld has platform default sourceLevel.
2015-10-19 15:34:26,430  WARN [Worker-2] - ScalaProject - Project HelloWorld runs on platform default installation.
2015-10-19 15:34:26,458  WARN [Worker-2] - ScalaProject - Project HelloWorld has platform default sourceLevel.
2015-10-19 15:34:26,458  WARN [Worker-2] - ScalaProject - Project HelloWorld runs on platform default installation.
2015-10-19 15:34:27,503  WARN [Worker-2] - ScalaProject - Project HelloWorld has platform default sourceLevel.
2015-10-19 15:34:27,503  WARN [Worker-2] - ScalaProject - Project HelloWorld runs on platform default installation.
2015-10-19 15:34:55,273  WARN [Worker-4] - ScalaProject - Project HelloWorld has platform default sourceLevel.
2015-10-19 15:34:55,274  WARN [Worker-4] - ScalaProject - Project HelloWorld runs on platform default installation.
2015-10-19 15:34:55,322  WARN [Worker-4] - ScalaProject - Project HelloWorld has platform default sourceLevel.
2015-10-19 15:34:55,322  WARN [Worker-4] - ScalaProject - Project HelloWorld runs on platform default installation.
2015-10-19 15:34:58,926  WARN [Worker-4] - ScalaProject - Project HelloWorld has platform default sourceLevel.
2015-10-19 15:34:58,926  WARN [Worker-4] - ScalaProject - Project HelloWorld runs on platform default installation.
2015-10-19 15:35:22,271 ERROR [Text Viewer Hover Presenter] - IScalaPresentationCompiler$ - Ignoring InterruptException
2015-10-19 15:35:22,273 ERROR [Text Viewer Hover Presenter] - IScalaPresentationCompiler$ - Ignoring InterruptException
2015-10-19 15:35:25,327  WARN [Worker-0] - ScalaProject - Project HelloWorld has platform default sourceLevel.
2015-10-19 15:35:25,327  WARN [Worker-0] - ScalaProject - Project HelloWorld runs on platform default installation.
2015-10-19 15:35:25,341  WARN [Worker-0] - ScalaProject - Project HelloWorld has platform default sourceLevel.
2015-10-19 15:35:25,341  WARN [Worker-0] - ScalaProject - Project HelloWorld runs on platform default installation.
2015-10-19 15:35:26,443  WARN [Worker-0] - ScalaProject - Project HelloWorld has platform default sourceLevel.
2015-10-19 15:35:26,444  WARN [Worker-0] - ScalaProject - Project HelloWorld runs on platform default installation.
2015-10-19 15:37:07,037  WARN [Worker-2] - ScalaProject - Project HelloWorld has platform default sourceLevel.
2015-10-19 15:37:07,038  WARN [Worker-2] - ScalaProject - Project HelloWorld runs on platform default installation.
2015-10-19 15:37:07,081  WARN [Worker-2] - ScalaProject - Project HelloWorld has platform default sourceLevel.
2015-10-19 15:37:07,081  WARN [Worker-2] - ScalaProject - Project HelloWorld runs on platform default installation.
2015-10-19 15:37:10,996  WARN [Worker-2] - ScalaProject - Project HelloWorld has platform default sourceLevel.
2015-10-19 15:37:10,996  WARN [Worker-2] - ScalaProject - Project HelloWorld runs on platform default installation.
2015-10-19 15:37:55,574  WARN [Worker-2] - ScalaProject - Project HelloWorld has platform default sourceLevel.
2015-10-19 15:37:55,576  WARN [Worker-2] - ScalaProject - Project HelloWorld runs on platform default installation.
2015-10-19 15:37:55,594  WARN [Worker-2] - ScalaProject - Project HelloWorld has platform default sourceLevel.
2015-10-19 15:37:55,594  WARN [Worker-2] - ScalaProject - Project HelloWorld runs on platform default installation.
2015-10-19 15:37:58,960  WARN [Worker-2] - ScalaProject - Project HelloWorld has platform default sourceLevel.
2015-10-19 15:37:58,960  WARN [Worker-2] - ScalaProject - Project HelloWorld runs on platform default installation.
2015-10-19 15:38:12,910  WARN [main] - ScalaProject - Project HelloWorld has platform default sourceLevel.
2015-10-19 15:38:12,911  WARN [main] - ScalaProject - Project HelloWorld runs on platform default installation.
2015-10-19 15:38:13,122  WARN [Worker-2] - ScalaProject - Project HelloWorld has platform default sourceLevel.
2015-10-19 15:38:13,122  WARN [Worker-2] - ScalaProject - Project HelloWorld runs on platform default installation.
2015-10-19 15:38:13,154  WARN [Worker-2] - ScalaProject - Project HelloWorld has platform default sourceLevel.
2015-10-19 15:38:13,154  WARN [Worker-2] - ScalaProject - Project HelloWorld runs on platform default installation.
2015-10-19 15:38:21,732  WARN [Worker-2] - ScalaProject - Project HelloWorld has platform default sourceLevel.
2015-10-19 15:38:21,733  WARN [Worker-2] - ScalaProject - Project HelloWorld runs on platform default installation.
2015-10-19 15:38:21,749  WARN [Worker-2] - ScalaProject - Project HelloWorld has platform default sourceLevel.
2015-10-19 15:38:21,749  WARN [Worker-2] - ScalaProject - Project HelloWorld runs on platform default installation.
2015-10-19 15:38:29,997  WARN [Worker-4] - ScalaProject - Project HelloWorld has platform default sourceLevel.
2015-10-19 15:38:29,998  WARN [Worker-4] - ScalaProject - Project HelloWorld runs on platform default installation.
2015-10-19 15:38:30,016  WARN [Worker-4] - ScalaProject - Project HelloWorld has platform default sourceLevel.
2015-10-19 15:38:30,016  WARN [Worker-4] - ScalaProject - Project HelloWorld runs on platform default installation.
2015-10-19 15:38:33,682  WARN [Worker-5] - ScalaProject - Project HelloWorld has platform default sourceLevel.
2015-10-19 15:38:33,683  WARN [Worker-5] - ScalaProject - Project HelloWorld runs on platform default installation.
2015-10-19 15:38:33,698  WARN [Worker-5] - ScalaProject - Project HelloWorld has platform default sourceLevel.
2015-10-19 15:38:33,698  WARN [Worker-5] - ScalaProject - Project HelloWorld runs on platform default installation.
2015-10-19 15:38:34,929  WARN [Worker-5] - ScalaProject - Project HelloWorld has platform default sourceLevel.
2015-10-19 15:38:34,929  WARN [Worker-5] - ScalaProject - Project HelloWorld runs on platform default installation.
2015-10-19 15:38:36,545  WARN [Worker-7] - ScalaProject - Project HelloWorld has platform default sourceLevel.
2015-10-19 15:38:36,546  WARN [Worker-7] - ScalaProject - Project HelloWorld runs on platform default installation.
2015-10-19 15:38:36,559  WARN [Worker-7] - ScalaProject - Project HelloWorld has platform default sourceLevel.
2015-10-19 15:38:36,560  WARN [Worker-7] - ScalaProject - Project HelloWorld runs on platform default installation.
2015-10-19 15:38:37,128  WARN [Worker-7] - ScalaProject - Project HelloWorld has platform default sourceLevel.
2015-10-19 15:38:37,128  WARN [Worker-7] - ScalaProject - Project HelloWorld runs on platform default installation.
2015-10-19 15:39:06,164  WARN [Worker-6] - ScalaProject - Project HelloWorld has platform default sourceLevel.
2015-10-19 15:39:06,164  WARN [Worker-6] - ScalaProject - Project HelloWorld runs on platform default installation.
2015-10-19 15:39:06,180  WARN [Worker-6] - ScalaProject - Project HelloWorld has platform default sourceLevel.
2015-10-19 15:39:06,181  WARN [Worker-6] - ScalaProject - Project HelloWorld runs on platform default installation.
2015-10-19 15:39:06,874  WARN [Worker-6] - ScalaProject - Project HelloWorld has platform default sourceLevel.
2015-10-19 15:39:06,874  WARN [Worker-6] - ScalaProject - Project HelloWorld runs on platform default installation.
2015-10-19 15:39:58,911  WARN [Worker-0] - ScalaProject - Project HelloWorld has platform default sourceLevel.
2015-10-19 15:39:58,915  WARN [Worker-0] - ScalaProject - Project HelloWorld runs on platform default installation.
2015-10-19 15:39:58,952  WARN [Worker-0] - ScalaProject - Project HelloWorld has platform default sourceLevel.
2015-10-19 15:39:58,953  WARN [Worker-0] - ScalaProject - Project HelloWorld runs on platform default installation.
2015-10-19 15:40:02,563  WARN [Worker-0] - ScalaProject - Project HelloWorld has platform default sourceLevel.
2015-10-19 15:40:02,563  WARN [Worker-0] - ScalaProject - Project HelloWorld runs on platform default installation.
2015-10-19 15:41:25,117  WARN [main] - ScalaProject - Project HelloWorld has platform default sourceLevel.
2015-10-19 15:41:25,118  WARN [main] - ScalaProject - Project HelloWorld runs on platform default installation.
2015-10-19 15:41:25,311  WARN [Worker-2] - ScalaProject - Project HelloWorld has platform default sourceLevel.
2015-10-19 15:41:25,311  WARN [Worker-2] - ScalaProject - Project HelloWorld runs on platform default installation.
2015-10-19 15:41:25,368  WARN [Worker-2] - ScalaProject - Project HelloWorld has platform default sourceLevel.
2015-10-19 15:41:25,368  WARN [Worker-2] - ScalaProject - Project HelloWorld runs on platform default installation.
2015-10-19 15:41:28,794  WARN [Worker-2] - ScalaProject - Project HelloWorld has platform default sourceLevel.
2015-10-19 15:41:28,795  WARN [Worker-2] - ScalaProject - Project HelloWorld runs on platform default installation.
2015-10-19 15:42:25,220  WARN [Worker-4] - ScalaProject - Project HelloWorld has platform default sourceLevel.
2015-10-19 15:42:25,221  WARN [Worker-4] - ScalaProject - Project HelloWorld runs on platform default installation.
2015-10-19 15:42:25,265  WARN [Worker-4] - ScalaProject - Project HelloWorld has platform default sourceLevel.
2015-10-19 15:42:25,266  WARN [Worker-4] - ScalaProject - Project HelloWorld runs on platform default installation.
2015-10-19 15:42:28,129  WARN [Worker-4] - ScalaProject - Project HelloWorld has platform default sourceLevel.
2015-10-19 15:42:28,130  WARN [Worker-4] - ScalaProject - Project HelloWorld runs on platform default installation.
2015-10-19 15:43:10,928  WARN [main] - ScalaProject - Project HelloWorld has platform default sourceLevel.
2015-10-19 15:43:10,929  WARN [main] - ScalaProject - Project HelloWorld runs on platform default installation.
2015-10-19 15:43:11,178  WARN [Worker-4] - ScalaProject - Project HelloWorld has platform default sourceLevel.
2015-10-19 15:43:11,178  WARN [Worker-4] - ScalaProject - Project HelloWorld runs on platform default installation.
2015-10-19 15:43:11,206  WARN [Worker-4] - ScalaProject - Project HelloWorld has platform default sourceLevel.
2015-10-19 15:43:11,206  WARN [Worker-4] - ScalaProject - Project HelloWorld runs on platform default installation.
2015-10-19 15:43:14,554  WARN [Worker-4] - ScalaProject - Project HelloWorld has platform default sourceLevel.
2015-10-19 15:43:14,554  WARN [Worker-4] - ScalaProject - Project HelloWorld runs on platform default installation.
2015-10-19 15:45:05,566  WARN [Worker-8] - ScalaProject - Project HelloWorld has platform default sourceLevel.
2015-10-19 15:45:05,567  WARN [Worker-8] - ScalaProject - Project HelloWorld runs on platform default installation.
2015-10-19 15:45:05,586  WARN [Worker-8] - ScalaProject - Project HelloWorld has platform default sourceLevel.
2015-10-19 15:45:05,587  WARN [Worker-8] - ScalaProject - Project HelloWorld runs on platform default installation.
2015-10-19 15:45:08,741  WARN [Worker-8] - ScalaProject - Project HelloWorld has platform default sourceLevel.
2015-10-19 15:45:08,741  WARN [Worker-8] - ScalaProject - Project HelloWorld runs on platform default installation.
2015-10-19 15:46:23,714  WARN [Worker-4] - ScalaProject - Project HelloWorld has platform default sourceLevel.
2015-10-19 15:46:23,716  WARN [Worker-4] - ScalaProject - Project HelloWorld runs on platform default installation.
2015-10-19 15:46:23,754  WARN [Worker-4] - ScalaProject - Project HelloWorld has platform default sourceLevel.
2015-10-19 15:46:23,754  WARN [Worker-4] - ScalaProject - Project HelloWorld runs on platform default installation.
2015-10-19 15:46:43,143  WARN [Worker-17] - ScalaProject - Project HelloWorld has platform default sourceLevel.
2015-10-19 15:46:43,144  WARN [Worker-17] - ScalaProject - Project HelloWorld runs on platform default installation.
2015-10-19 15:46:43,168  WARN [Worker-17] - ScalaProject - Project HelloWorld has platform default sourceLevel.
2015-10-19 15:46:43,168  WARN [Worker-17] - ScalaProject - Project HelloWorld runs on platform default installation.
2015-10-19 15:46:44,213  WARN [Worker-17] - ScalaProject - Project HelloWorld has platform default sourceLevel.
2015-10-19 15:46:44,213  WARN [Worker-17] - ScalaProject - Project HelloWorld runs on platform default installation.
2015-10-19 15:48:24,356  WARN [Worker-10] - ScalaProject - Project HelloWorld has platform default sourceLevel.
2015-10-19 15:48:24,357  WARN [Worker-10] - ScalaProject - Project HelloWorld runs on platform default installation.
2015-10-19 15:48:24,373  WARN [Worker-10] - ScalaProject - Project HelloWorld has platform default sourceLevel.
2015-10-19 15:48:24,373  WARN [Worker-10] - ScalaProject - Project HelloWorld runs on platform default installation.
2015-10-19 15:48:28,985  WARN [Worker-10] - ScalaProject - Project HelloWorld has platform default sourceLevel.
2015-10-19 15:48:28,986  WARN [Worker-10] - ScalaProject - Project HelloWorld runs on platform default installation.
2015-10-19 15:48:42,330  WARN [Worker-2] - ScalaProject - Project HelloWorld has platform default sourceLevel.
2015-10-19 15:48:42,331  WARN [Worker-2] - ScalaProject - Project HelloWorld runs on platform default installation.
2015-10-19 15:48:42,357  WARN [Worker-2] - ScalaProject - Project HelloWorld has platform default sourceLevel.
2015-10-19 15:48:42,357  WARN [Worker-2] - ScalaProject - Project HelloWorld runs on platform default installation.
2015-10-19 15:48:43,016  WARN [Worker-2] - ScalaProject - Project HelloWorld has platform default sourceLevel.
2015-10-19 15:48:43,017  WARN [Worker-2] - ScalaProject - Project HelloWorld runs on platform default installation.
2015-10-19 15:49:09,353  WARN [Worker-14] - ScalaProject - Project HelloWorld has platform default sourceLevel.
2015-10-19 15:49:09,354  WARN [Worker-14] - ScalaProject - Project HelloWorld runs on platform default installation.
2015-10-19 15:49:09,371  WARN [Worker-14] - ScalaProject - Project HelloWorld has platform default sourceLevel.
2015-10-19 15:49:09,371  WARN [Worker-14] - ScalaProject - Project HelloWorld runs on platform default installation.
2015-10-19 15:49:10,096  WARN [Worker-14] - ScalaProject - Project HelloWorld has platform default sourceLevel.
2015-10-19 15:49:10,096  WARN [Worker-14] - ScalaProject - Project HelloWorld runs on platform default installation.
2015-10-19 15:49:28,464  WARN [Worker-10] - ScalaProject - Project HelloWorld has platform default sourceLevel.
2015-10-19 15:49:28,465  WARN [Worker-10] - ScalaProject - Project HelloWorld runs on platform default installation.
2015-10-19 15:49:28,506  WARN [Worker-10] - ScalaProject - Project HelloWorld has platform default sourceLevel.
2015-10-19 15:49:28,506  WARN [Worker-10] - ScalaProject - Project HelloWorld runs on platform default installation.
2015-10-19 15:49:31,556  WARN [Worker-10] - ScalaProject - Project HelloWorld has platform default sourceLevel.
2015-10-19 15:49:31,557  WARN [Worker-10] - ScalaProject - Project HelloWorld runs on platform default installation.
2015-10-19 15:49:47,707  WARN [Worker-4] - ScalaProject - Project HelloWorld has platform default sourceLevel.
2015-10-19 15:49:47,708  WARN [Worker-4] - ScalaProject - Project HelloWorld runs on platform default installation.
2015-10-19 15:49:47,720  WARN [Worker-4] - ScalaProject - Project HelloWorld has platform default sourceLevel.
2015-10-19 15:49:47,720  WARN [Worker-4] - ScalaProject - Project HelloWorld runs on platform default installation.
2015-10-19 15:49:48,735  WARN [Worker-4] - ScalaProject - Project HelloWorld has platform default sourceLevel.
2015-10-19 15:49:48,735  WARN [Worker-4] - ScalaProject - Project HelloWorld runs on platform default installation.
2015-10-19 15:51:19,451  WARN [main] - ScalaProject - Project HelloWorld has platform default sourceLevel.
2015-10-19 15:51:19,452  WARN [main] - ScalaProject - Project HelloWorld runs on platform default installation.
2015-10-19 15:51:19,674  WARN [Worker-14] - ScalaProject - Project HelloWorld has platform default sourceLevel.
2015-10-19 15:51:19,674  WARN [Worker-14] - ScalaProject - Project HelloWorld runs on platform default installation.
2015-10-19 15:51:19,705  WARN [Worker-14] - ScalaProject - Project HelloWorld has platform default sourceLevel.
2015-10-19 15:51:19,705  WARN [Worker-14] - ScalaProject - Project HelloWorld runs on platform default installation.
2015-10-19 15:51:23,031  WARN [Worker-14] - ScalaProject - Project HelloWorld has platform default sourceLevel.
2015-10-19 15:51:23,031  WARN [Worker-14] - ScalaProject - Project HelloWorld runs on platform default installation.
2015-10-19 15:51:56,759  WARN [org.scalaide.ui.internal.reconciliation.ScalaReconciler] - TraverserImpl$ - Skipping annotation, position length = 0, position offset = 33
2015-10-19 15:51:56,760  WARN [org.scalaide.ui.internal.reconciliation.ScalaReconciler] - TraverserImpl$ - Skipping annotation, position length = 0, position offset = 33
2015-10-19 15:51:59,294  WARN [org.scalaide.ui.internal.reconciliation.ScalaReconciler] - TraverserImpl$ - Skipping annotation, position length = 0, position offset = 33
2015-10-19 15:51:59,295  WARN [org.scalaide.ui.internal.reconciliation.ScalaReconciler] - TraverserImpl$ - Skipping annotation, position length = 0, position offset = 33
2015-10-19 15:52:02,894  WARN [org.scalaide.ui.internal.reconciliation.ScalaReconciler] - TraverserImpl$ - Skipping annotation, position length = 0, position offset = 33
2015-10-19 15:52:16,595  WARN [org.scalaide.ui.internal.reconciliation.ScalaReconciler] - TraverserImpl$ - Skipping annotation, position length = 0, position offset = 78
2015-10-19 15:52:16,597  WARN [org.scalaide.ui.internal.reconciliation.ScalaReconciler] - TraverserImpl$ - Skipping annotation, position length = 0, position offset = 78
2015-10-19 15:53:46,261  WARN [Worker-20] - ScalaProject - Project HelloWorld has platform default sourceLevel.
2015-10-19 15:53:46,262  WARN [Worker-20] - ScalaProject - Project HelloWorld runs on platform default installation.
2015-10-19 15:53:46,309  WARN [Worker-20] - ScalaProject - Project HelloWorld has platform default sourceLevel.
2015-10-19 15:53:46,310  WARN [Worker-20] - ScalaProject - Project HelloWorld runs on platform default installation.
2015-10-19 15:53:51,537  WARN [Worker-20] - ScalaProject - Project HelloWorld has platform default sourceLevel.
2015-10-19 15:53:51,537  WARN [Worker-20] - ScalaProject - Project HelloWorld runs on platform default installation.
