This is pdfTeX, Version 3.1415926-2.5-1.40.14 (TeX Live 2013/Debian) (format=latex 2014.11.3)  3 NOV 2015 15:09
entering extended mode
 restricted \write18 enabled.
 %&-line parsing enabled.
**pizza.tex
(./pizza.tex
LaTeX2e <2011/06/27>
Babel <3.9h> and hyphenation patterns for 4 languages loaded.
(/usr/share/texlive/texmf-dist/tex/latex/base/article.cls
Document Class: article 2007/10/19 v1.4h Standard LaTeX document class
(/usr/share/texlive/texmf-dist/tex/latex/base/size10.clo
File: size10.clo 2007/10/19 v1.4h Standard LaTeX file (size option)
)
\c@part=\count79
\c@section=\count80
\c@subsection=\count81
\c@subsubsection=\count82
\c@paragraph=\count83
\c@subparagraph=\count84
\c@figure=\count85
\c@table=\count86
\abovecaptionskip=\skip41
\belowcaptionskip=\skip42
\bibindent=\dimen102
) (./pizza.aux)
\openout1 = `pizza.aux'.

LaTeX Font Info:    Checking defaults for OML/cmm/m/it on input line 6.
LaTeX Font Info:    ... okay on input line 6.
LaTeX Font Info:    Checking defaults for T1/cmr/m/n on input line 6.
LaTeX Font Info:    ... okay on input line 6.
LaTeX Font Info:    Checking defaults for OT1/cmr/m/n on input line 6.
LaTeX Font Info:    ... okay on input line 6.
LaTeX Font Info:    Checking defaults for OMS/cmsy/m/n on input line 6.
LaTeX Font Info:    ... okay on input line 6.
LaTeX Font Info:    Checking defaults for OMX/cmex/m/n on input line 6.
LaTeX Font Info:    ... okay on input line 6.
LaTeX Font Info:    Checking defaults for U/cmr/m/n on input line 6.
LaTeX Font Info:    ... okay on input line 6.
LaTeX Font Info:    External font `cmex10' loaded for size
(Font)              <7> on input line 14.
LaTeX Font Info:    External font `cmex10' loaded for size
(Font)              <5> on input line 14.

Overfull \hbox (8.70433pt too wide) in paragraph at lines 16--17
[]\OT1/cmr/m/n/10 margheritaPizza $\OMS/cmsy/m/n/10 v$ $9$ \OT1/cmr/m/n/10 hasT
op-ping mozarel-laTop-ping $\OMS/cmsy/m/n/10 u$ $9$ \OT1/cmr/m/n/10 hasTop-ping
 toma-to-Top-ping $\OMS/cmsy/m/n/10 u$ $8$ \OT1/cmr/m/n/10 hasTop-ping (mozarel
-laTop-ping $\OMS/cmsy/m/n/10 t$ \OT1/cmr/m/n/10 toma-
 []

[1

] (./pizza.aux) ) 
Here is how much of TeX's memory you used:
 210 strings out of 495000
 2248 string characters out of 6180254
 48971 words of memory out of 5000000
 3513 multiletter control sequences out of 15000+600000
 5158 words of font info for 19 fonts, out of 8000000 for 9000
 14 hyphenation exceptions out of 8191
 23i,4n,17p,273b,103s stack positions out of 5000i,500n,10000p,200000b,80000s

Output written on pizza.dvi (1 page, 1084 bytes).
